Info: *******************************************************************
Info: Running Quartus Prime Shell
    Info: Version 20.1.1 Build 720 11/11/2020 SJ Lite Edition
    Info: Copyright (C) 2020  Intel Corporation. All rights reserved.
    Info: Your use of Intel Corporation's design tools, logic functions 
    Info: and other software and tools, and any partner logic 
    Info: functions, and any output files from any of the foregoing 
    Info: (including device programming or simulation files), and any 
    Info: associated documentation or information are expressly subject 
    Info: to the terms and conditions of the Intel Program License 
    Info: Subscription Agreement, the Intel Quartus Prime License Agreement,
    Info: the Intel FPGA IP License Agreement, or other applicable license
    Info: agreement, including, without limitation, that your use is for
    Info: the sole purpose of programming logic devices manufactured by
    Info: Intel and sold by Intel or its authorized distributors.  Please
    Info: refer to the applicable agreement for further details, at
    Info: https://fpgasoftware.intel.com/eula.
    Info: Processing started: Tue Nov  8 02:33:31 2022
Info: Command: quartus_sh --determine_smart_action risc16b_top
Info: Quartus(args): risc16b_top
Info (293032): Detected changes in source files.
    Info (293027): Source file: /home/users/kengo/work/B4/zikken4_2022/risc16b.sv has changed.
Info: SMART_ACTION = SOURCE
Info (23030): Evaluation of Tcl script /home/cad/altera-quartus-lite-20.1.1/quartus/common/tcl/internal/qsh_smart.tcl was successful
Info: Quartus Prime Shell was successful. 0 errors, 0 warnings
    Info: Peak virtual memory: 706 megabytes
    Info: Processing ended: Tue Nov  8 02:33:33 2022
    Info: Elapsed time: 00:00:02
    Info: Total CPU time (on all processors): 00:00:01
